  [1m[35m (154.4ms)[0m  [1m[35mCREATE DATABASE "ninety_nine_cats_development" ENCODING = 'unicode'[0m
  ↳ bin/rails:9
  [1m[35m (67.8ms)[0m  [1m[35mCREATE DATABASE "ninety_nine_cats_test" ENCODING = 'unicode'[0m
  ↳ bin/rails:9
  [1m[35m (7.4ms)[0m  [1m[35mCREATE TABLE "schema_migrations" ("version" character varying NOT NULL PRIMARY KEY)[0m
  ↳ bin/rails:9
  [1m[35m (3.5ms)[0m  [1m[35mCREATE TABLE "ar_internal_metadata" ("key" character varying NOT NULL PRIMARY KEY, "value" character varying, "created_at" timestamp NOT NULL, "updated_at" timestamp NOT NULL)[0m
  ↳ bin/rails:9
  [1m[35m (0.2ms)[0m  [1m[34mSELECT pg_try_advisory_lock(723150122408807205)[0m
  ↳ bin/rails:9
  [1m[35m (0.6ms)[0m  [1m[34mSELECT "schema_migrations"."version" FROM "schema_migrations" ORDER BY "schema_migrations"."version" ASC[0m
  ↳ bin/rails:9
Migrating to CreateCats (20210226214729)
  [1m[35m (0.1ms)[0m  [1m[35mBEGIN[0m
  ↳ bin/rails:9
  [1m[35m (5.7ms)[0m  [1m[35mCREATE TABLE "cats" ("id" bigserial primary key, "birth_date" date NOT NULL, "color" character varying NOT NULL, "name" character varying NOT NULL, "sex" character varying(1) NOT NULL, "description" text, "created_at" timestamp NOT NULL, "updated_at" timestamp NOT NULL)[0m
  ↳ db/migrate/20210226214729_create_cats.rb:3
  [1m[35m (1.6ms)[0m  [1m[35mCREATE  INDEX  "index_cats_on_birth_date" ON "cats"  ("birth_date")[0m
  ↳ db/migrate/20210226214729_create_cats.rb:13
  [1m[35m (0.9ms)[0m  [1m[35mCREATE  INDEX  "index_cats_on_color" ON "cats"  ("color")[0m
  ↳ db/migrate/20210226214729_create_cats.rb:14
  [1m[35m (0.9ms)[0m  [1m[35mCREATE  INDEX  "index_cats_on_name" ON "cats"  ("name")[0m
  ↳ db/migrate/20210226214729_create_cats.rb:15
  [1m[35m (0.9ms)[0m  [1m[35mCREATE  INDEX  "index_cats_on_sex" ON "cats"  ("sex")[0m
  ↳ db/migrate/20210226214729_create_cats.rb:16
  [1m[35m (0.9ms)[0m  [1m[35mCREATE  INDEX  "index_cats_on_description" ON "cats"  ("description")[0m
  ↳ db/migrate/20210226214729_create_cats.rb:17
  [1m[36mActiveRecord::SchemaMigration Create (0.6ms)[0m  [1m[32mINSERT INTO "schema_migrations" ("version") VALUES ($1) RETURNING "version"[0m  [["version", "20210226214729"]]
  ↳ bin/rails:9
  [1m[35m (0.6ms)[0m  [1m[35mCOMMIT[0m
  ↳ bin/rails:9
  [1m[36mActiveRecord::InternalMetadata Load (0.3ms)[0m  [1m[34mSELECT  "ar_internal_metadata".* FROM "ar_internal_metadata" WHERE "ar_internal_metadata"."key" = $1 LIMIT $2[0m  [["key", "environment"], ["LIMIT", 1]]
  ↳ bin/rails:9
  [1m[35m (0.1ms)[0m  [1m[35mBEGIN[0m
  ↳ bin/rails:9
  [1m[36mActiveRecord::InternalMetadata Create (0.4ms)[0m  [1m[32mINSERT INTO "ar_internal_metadata" ("key", "value", "created_at", "updated_at") VALUES ($1, $2, $3, $4) RETURNING "key"[0m  [["key", "environment"], ["value", "development"], ["created_at", "2021-02-26 21:57:21.355540"], ["updated_at", "2021-02-26 21:57:21.355540"]]
  ↳ bin/rails:9
  [1m[35m (0.2ms)[0m  [1m[35mCOMMIT[0m
  ↳ bin/rails:9
  [1m[35m (0.3ms)[0m  [1m[34mSELECT pg_advisory_unlock(723150122408807205)[0m
  ↳ bin/rails:9
  [1m[35m (0.2ms)[0m  [1m[34mSELECT "schema_migrations"."version" FROM "schema_migrations" ORDER BY "schema_migrations"."version" ASC[0m
  ↳ bin/rails:9
  [1m[35m (0.7ms)[0m  [1m[34mSELECT "schema_migrations"."version" FROM "schema_migrations" ORDER BY "schema_migrations"."version" ASC[0m
  ↳ /Users/jason/.rbenv/versions/2.5.1/bin/annotate:23
  [1m[36mCat Load (1.9ms)[0m  [1m[34mSELECT  "cats".* FROM "cats" ORDER BY "cats"."id" ASC LIMIT $1[0m  [["LIMIT", 1]]
  [1m[35m (0.2ms)[0m  [1m[35mBEGIN[0m
  [1m[35m (0.2ms)[0m  [1m[31mROLLBACK[0m
Started GET "/cats/" for ::1 at 2021-02-26 14:47:44 -0800
  
ActiveRecord::NoDatabaseError (FATAL:  database "ninety_nine_cats_development" does not exist
):
  
activerecord (5.2.4.5) lib/active_record/connection_adapters/postgresql_adapter.rb:696:in `rescue in connect'
activerecord (5.2.4.5) lib/active_record/connection_adapters/postgresql_adapter.rb:691:in `connect'
activerecord (5.2.4.5) lib/active_record/connection_adapters/postgresql_adapter.rb:223:in `initialize'
activerecord (5.2.4.5) lib/active_record/connection_adapters/postgresql_adapter.rb:48:in `new'
activerecord (5.2.4.5) lib/active_record/connection_adapters/postgresql_adapter.rb:48:in `postgresql_connection'
activerecord (5.2.4.5) lib/active_record/connection_adapters/abstract/connection_pool.rb:830:in `new_connection'
activerecord (5.2.4.5) lib/active_record/connection_adapters/abstract/connection_pool.rb:874:in `checkout_new_connection'
activerecord (5.2.4.5) lib/active_record/connection_adapters/abstract/connection_pool.rb:853:in `try_to_checkout_new_connection'
activerecord (5.2.4.5) lib/active_record/connection_adapters/abstract/connection_pool.rb:814:in `acquire_connection'
activerecord (5.2.4.5) lib/active_record/connection_adapters/abstract/connection_pool.rb:538:in `checkout'
activerecord (5.2.4.5) lib/active_record/connection_adapters/abstract/connection_pool.rb:382:in `connection'
activerecord (5.2.4.5) lib/active_record/connection_adapters/abstract/connection_pool.rb:1033:in `retrieve_connection'
activerecord (5.2.4.5) lib/active_record/connection_handling.rb:118:in `retrieve_connection'
activerecord (5.2.4.5) lib/active_record/connection_handling.rb:90:in `connection'
activerecord (5.2.4.5) lib/active_record/migration.rb:554:in `call'
actionpack (5.2.4.5) lib/action_dispatch/middleware/callbacks.rb:28:in `block in call'
activesupport (5.2.4.5) lib/active_support/callbacks.rb:98:in `run_callbacks'
actionpack (5.2.4.5) lib/action_dispatch/middleware/callbacks.rb:26:in `call'
actionpack (5.2.4.5) lib/action_dispatch/middleware/executor.rb:14:in `call'
actionpack (5.2.4.5) lib/action_dispatch/middleware/debug_exceptions.rb:61:in `call'
web-console (3.7.0) lib/web_console/middleware.rb:135:in `call_app'
web-console (3.7.0) lib/web_console/middleware.rb:30:in `block in call'
web-console (3.7.0) lib/web_console/middleware.rb:20:in `catch'
web-console (3.7.0) lib/web_console/middleware.rb:20:in `call'
actionpack (5.2.4.5) lib/action_dispatch/middleware/show_exceptions.rb:33:in `call'
railties (5.2.4.5) lib/rails/rack/logger.rb:38:in `call_app'
railties (5.2.4.5) lib/rails/rack/logger.rb:26:in `block in call'
activesupport (5.2.4.5) lib/active_support/tagged_logging.rb:71:in `block in tagged'
activesupport (5.2.4.5) lib/active_support/tagged_logging.rb:28:in `tagged'
activesupport (5.2.4.5) lib/active_support/tagged_logging.rb:71:in `tagged'
railties (5.2.4.5) lib/rails/rack/logger.rb:26:in `call'
sprockets-rails (3.2.2) lib/sprockets/rails/quiet_assets.rb:13:in `call'
actionpack (5.2.4.5) lib/action_dispatch/middleware/remote_ip.rb:81:in `call'
actionpack (5.2.4.5) lib/action_dispatch/middleware/request_id.rb:27:in `call'
rack (2.2.3) lib/rack/method_override.rb:24:in `call'
rack (2.2.3) lib/rack/runtime.rb:22:in `call'
activesupport (5.2.4.5) lib/active_support/cache/strategy/local_cache_middleware.rb:29:in `call'
actionpack (5.2.4.5) lib/action_dispatch/middleware/executor.rb:14:in `call'
actionpack (5.2.4.5) lib/action_dispatch/middleware/static.rb:127:in `call'
rack (2.2.3) lib/rack/sendfile.rb:110:in `call'
railties (5.2.4.5) lib/rails/engine.rb:524:in `call'
puma (3.12.6) lib/puma/configuration.rb:227:in `call'
puma (3.12.6) lib/puma/server.rb:706:in `handle_request'
puma (3.12.6) lib/puma/server.rb:476:in `process_client'
puma (3.12.6) lib/puma/server.rb:334:in `block in run'
puma (3.12.6) lib/puma/thread_pool.rb:135:in `block in spawn_thread'
  [1m[35m (1680.1ms)[0m  [1m[35mCREATE DATABASE "ninety_nine_cats_development" ENCODING = 'unicode'[0m
  ↳ bin/rails:9
  [1m[35m (1636.8ms)[0m  [1m[35mCREATE DATABASE "ninety_nine_cats_test" ENCODING = 'unicode'[0m
  ↳ bin/rails:9
Started GET "/cats/" for ::1 at 2021-02-26 14:48:30 -0800
  
ActiveRecord::PendingMigrationError (

Migrations are pending. To resolve this issue, run:

        bin/rails db:migrate RAILS_ENV=development

):
  
activerecord (5.2.4.5) lib/active_record/migration.rb:579:in `check_pending!'
activerecord (5.2.4.5) lib/active_record/migration.rb:556:in `call'
actionpack (5.2.4.5) lib/action_dispatch/middleware/callbacks.rb:28:in `block in call'
activesupport (5.2.4.5) lib/active_support/callbacks.rb:98:in `run_callbacks'
actionpack (5.2.4.5) lib/action_dispatch/middleware/callbacks.rb:26:in `call'
actionpack (5.2.4.5) lib/action_dispatch/middleware/executor.rb:14:in `call'
actionpack (5.2.4.5) lib/action_dispatch/middleware/debug_exceptions.rb:61:in `call'
web-console (3.7.0) lib/web_console/middleware.rb:135:in `call_app'
web-console (3.7.0) lib/web_console/middleware.rb:30:in `block in call'
web-console (3.7.0) lib/web_console/middleware.rb:20:in `catch'
web-console (3.7.0) lib/web_console/middleware.rb:20:in `call'
actionpack (5.2.4.5) lib/action_dispatch/middleware/show_exceptions.rb:33:in `call'
railties (5.2.4.5) lib/rails/rack/logger.rb:38:in `call_app'
railties (5.2.4.5) lib/rails/rack/logger.rb:26:in `block in call'
activesupport (5.2.4.5) lib/active_support/tagged_logging.rb:71:in `block in tagged'
activesupport (5.2.4.5) lib/active_support/tagged_logging.rb:28:in `tagged'
activesupport (5.2.4.5) lib/active_support/tagged_logging.rb:71:in `tagged'
railties (5.2.4.5) lib/rails/rack/logger.rb:26:in `call'
sprockets-rails (3.2.2) lib/sprockets/rails/quiet_assets.rb:13:in `call'
actionpack (5.2.4.5) lib/action_dispatch/middleware/remote_ip.rb:81:in `call'
actionpack (5.2.4.5) lib/action_dispatch/middleware/request_id.rb:27:in `call'
rack (2.2.3) lib/rack/method_override.rb:24:in `call'
rack (2.2.3) lib/rack/runtime.rb:22:in `call'
activesupport (5.2.4.5) lib/active_support/cache/strategy/local_cache_middleware.rb:29:in `call'
actionpack (5.2.4.5) lib/action_dispatch/middleware/executor.rb:14:in `call'
actionpack (5.2.4.5) lib/action_dispatch/middleware/static.rb:127:in `call'
rack (2.2.3) lib/rack/sendfile.rb:110:in `call'
railties (5.2.4.5) lib/rails/engine.rb:524:in `call'
puma (3.12.6) lib/puma/configuration.rb:227:in `call'
puma (3.12.6) lib/puma/server.rb:706:in `handle_request'
puma (3.12.6) lib/puma/server.rb:476:in `process_client'
puma (3.12.6) lib/puma/server.rb:334:in `block in run'
puma (3.12.6) lib/puma/thread_pool.rb:135:in `block in spawn_thread'
  [1m[35m (42.0ms)[0m  [1m[35mCREATE TABLE "schema_migrations" ("version" character varying NOT NULL PRIMARY KEY)[0m
  ↳ bin/rails:9
  [1m[35m (9.1ms)[0m  [1m[35mCREATE TABLE "ar_internal_metadata" ("key" character varying NOT NULL PRIMARY KEY, "value" character varying, "created_at" timestamp NOT NULL, "updated_at" timestamp NOT NULL)[0m
  ↳ bin/rails:9
  [1m[35m (0.3ms)[0m  [1m[34mSELECT pg_try_advisory_lock(723150122408807205)[0m
  ↳ bin/rails:9
  [1m[35m (10.4ms)[0m  [1m[34mSELECT "schema_migrations"."version" FROM "schema_migrations" ORDER BY "schema_migrations"."version" ASC[0m
  ↳ bin/rails:9
Migrating to CreateCats (20210226214729)
  [1m[35m (0.2ms)[0m  [1m[35mBEGIN[0m
  ↳ bin/rails:9
  [1m[35m (12.2ms)[0m  [1m[35mCREATE TABLE "cats" ("id" bigserial primary key, "birth_date" date NOT NULL, "color" character varying NOT NULL, "name" character varying NOT NULL, "sex" character varying(1) NOT NULL, "description" text, "created_at" timestamp NOT NULL, "updated_at" timestamp NOT NULL)[0m
  ↳ db/migrate/20210226214729_create_cats.rb:3
  [1m[35m (4.0ms)[0m  [1m[35mCREATE  INDEX  "index_cats_on_birth_date" ON "cats"  ("birth_date")[0m
  ↳ db/migrate/20210226214729_create_cats.rb:13
  [1m[35m (5.0ms)[0m  [1m[35mCREATE  INDEX  "index_cats_on_color" ON "cats"  ("color")[0m
  ↳ db/migrate/20210226214729_create_cats.rb:14
  [1m[35m (2.9ms)[0m  [1m[35mCREATE  INDEX  "index_cats_on_name" ON "cats"  ("name")[0m
  ↳ db/migrate/20210226214729_create_cats.rb:15
  [1m[35m (3.3ms)[0m  [1m[35mCREATE  INDEX  "index_cats_on_sex" ON "cats"  ("sex")[0m
  ↳ db/migrate/20210226214729_create_cats.rb:16
  [1m[35m (4.1ms)[0m  [1m[35mCREATE  INDEX  "index_cats_on_description" ON "cats"  ("description")[0m
  ↳ db/migrate/20210226214729_create_cats.rb:17
  [1m[36mActiveRecord::SchemaMigration Create (1.3ms)[0m  [1m[32mINSERT INTO "schema_migrations" ("version") VALUES ($1) RETURNING "version"[0m  [["version", "20210226214729"]]
  ↳ bin/rails:9
  [1m[35m (0.5ms)[0m  [1m[35mCOMMIT[0m
  ↳ bin/rails:9
  [1m[36mActiveRecord::InternalMetadata Load (5.0ms)[0m  [1m[34mSELECT  "ar_internal_metadata".* FROM "ar_internal_metadata" WHERE "ar_internal_metadata"."key" = $1 LIMIT $2[0m  [["key", "environment"], ["LIMIT", 1]]
  ↳ bin/rails:9
  [1m[35m (0.3ms)[0m  [1m[35mBEGIN[0m
  ↳ bin/rails:9
  [1m[36mActiveRecord::InternalMetadata Create (1.4ms)[0m  [1m[32mINSERT INTO "ar_internal_metadata" ("key", "value", "created_at", "updated_at") VALUES ($1, $2, $3, $4) RETURNING "key"[0m  [["key", "environment"], ["value", "development"], ["created_at", "2021-02-26 22:49:37.323783"], ["updated_at", "2021-02-26 22:49:37.323783"]]
  ↳ bin/rails:9
  [1m[35m (0.6ms)[0m  [1m[35mCOMMIT[0m
  ↳ bin/rails:9
  [1m[35m (0.4ms)[0m  [1m[34mSELECT pg_advisory_unlock(723150122408807205)[0m
  ↳ bin/rails:9
  [1m[35m (0.6ms)[0m  [1m[34mSELECT "schema_migrations"."version" FROM "schema_migrations" ORDER BY "schema_migrations"."version" ASC[0m
  ↳ bin/rails:9
Started GET "/cats/" for ::1 at 2021-02-26 14:49:51 -0800
  [1m[35m (10.6ms)[0m  [1m[34mSELECT "schema_migrations"."version" FROM "schema_migrations" ORDER BY "schema_migrations"."version" ASC[0m
  ↳ /home/laptop/.rbenv/versions/2.5.1/lib/ruby/gems/2.5.0/gems/activerecord-5.2.4.5/lib/active_record/log_subscriber.rb:98
Processing by CatsController#index as */*
  [1m[36mCat Load (42.4ms)[0m  [1m[34mSELECT "cats".* FROM "cats"[0m
  ↳ app/controllers/cats_controller.rb:4
Completed 200 OK in 57ms (Views: 2.1ms | ActiveRecord: 44.9ms)


Started GET "/cats/" for ::1 at 2021-02-26 14:53:03 -0800
Processing by CatsController#index as */*
  [1m[36mCat Load (0.3ms)[0m  [1m[34mSELECT "cats".* FROM "cats"[0m
  ↳ app/controllers/cats_controller.rb:4
Completed 200 OK in 8ms (Views: 1.9ms | ActiveRecord: 2.7ms)


Started GET "/cats/" for ::1 at 2021-02-26 14:53:07 -0800
Processing by CatsController#index as */*
  [1m[36mCat Load (0.5ms)[0m  [1m[34mSELECT "cats".* FROM "cats"[0m
  ↳ app/controllers/cats_controller.rb:4
Completed 200 OK in 2ms (Views: 1.2ms | ActiveRecord: 0.5ms)


Started GET "/cats/" for ::1 at 2021-02-26 14:53:08 -0800
Processing by CatsController#index as */*
  [1m[36mCat Load (0.4ms)[0m  [1m[34mSELECT "cats".* FROM "cats"[0m
  ↳ app/controllers/cats_controller.rb:4
Completed 200 OK in 2ms (Views: 1.0ms | ActiveRecord: 0.4ms)


  [1m[35m (10.6ms)[0m  [1m[34mSELECT "schema_migrations"."version" FROM "schema_migrations" ORDER BY "schema_migrations"."version" ASC[0m
  ↳ bin/rails:9
  [1m[35m (0.2ms)[0m  [1m[35mBEGIN[0m
  ↳ db/seeds.rb:12
  [1m[35m (0.2ms)[0m  [1m[31mROLLBACK[0m
  ↳ db/seeds.rb:12
  [1m[35m (0.9ms)[0m  [1m[34mSELECT "schema_migrations"."version" FROM "schema_migrations" ORDER BY "schema_migrations"."version" ASC[0m
  ↳ bin/rails:9
  [1m[35m (0.2ms)[0m  [1m[35mBEGIN[0m
  ↳ db/seeds.rb:12
  [1m[36mCat Create (2.1ms)[0m  [1m[32mINSERT INTO "cats" ("birth_date", "color", "name", "sex", "created_at", "updated_at") VALUES ($1, $2, $3, $4, $5, $6) RETURNING "id"[0m  [["birth_date", "2000-01-01"], ["color", "black"], ["name", "Kitty"], ["sex", "F"], ["created_at", "2021-02-26 22:54:47.325360"], ["updated_at", "2021-02-26 22:54:47.325360"]]
  ↳ db/seeds.rb:12
  [1m[35m (14.0ms)[0m  [1m[35mCOMMIT[0m
  ↳ db/seeds.rb:12
Started GET "/cats/" for ::1 at 2021-02-26 14:54:56 -0800
Processing by CatsController#index as */*
  [1m[36mCat Load (0.4ms)[0m  [1m[34mSELECT "cats".* FROM "cats"[0m
  ↳ app/controllers/cats_controller.rb:4
Completed 200 OK in 22ms (Views: 13.1ms | ActiveRecord: 5.0ms)


Started GET "/cats" for ::1 at 2021-02-26 15:17:34 -0800
  [1m[35m (1.2ms)[0m  [1m[34mSELECT "schema_migrations"."version" FROM "schema_migrations" ORDER BY "schema_migrations"."version" ASC[0m
  ↳ /Users/jason/.rbenv/versions/2.5.1/lib/ruby/gems/2.5.0/gems/activerecord-5.2.4.5/lib/active_record/log_subscriber.rb:98
Processing by CatsController#index as HTML
  [1m[36mCat Load (1.0ms)[0m  [1m[34mSELECT "cats".* FROM "cats"[0m
  ↳ app/controllers/cats_controller.rb:4
Completed 200 OK in 13ms (Views: 2.0ms | ActiveRecord: 2.8ms)


  [1m[35m (0.9ms)[0m  [1m[34mSELECT "schema_migrations"."version" FROM "schema_migrations" ORDER BY "schema_migrations"."version" ASC[0m
  ↳ bin/rails:9
  [1m[35m (0.1ms)[0m  [1m[35mBEGIN[0m
  ↳ db/seeds.rb:12
  [1m[36mCat Create (3.6ms)[0m  [1m[32mINSERT INTO "cats" ("birth_date", "color", "name", "sex", "created_at", "updated_at") VALUES ($1, $2, $3, $4, $5, $6) RETURNING "id"[0m  [["birth_date", "2000-01-01"], ["color", "black"], ["name", "Kitty"], ["sex", "F"], ["created_at", "2021-02-26 23:17:52.608772"], ["updated_at", "2021-02-26 23:17:52.608772"]]
  ↳ db/seeds.rb:12
  [1m[35m (0.7ms)[0m  [1m[35mCOMMIT[0m
  ↳ db/seeds.rb:12
Started GET "/cats" for ::1 at 2021-02-26 15:17:56 -0800
Processing by CatsController#index as HTML
  [1m[36mCat Load (0.5ms)[0m  [1m[34mSELECT "cats".* FROM "cats"[0m
  ↳ app/controllers/cats_controller.rb:4
Completed 200 OK in 23ms (Views: 17.8ms | ActiveRecord: 5.3ms)


Started GET "/cats" for ::1 at 2021-02-26 15:19:08 -0800
Processing by CatsController#index as HTML
Completed 500 Internal Server Error in 12ms (ActiveRecord: 0.0ms)


  
ActionView::MissingTemplate (Missing template cats/index, application/index with {:locale=>[:en], :formats=>[:html], :variants=>[], :handlers=>[:raw, :erb, :html, :builder, :ruby, :coffee, :jbuilder]}. Searched in:
  * "/Users/jason/Desktop/aA-Classworks/W6D5/ninety_nine_cats/app/views"
):
  
app/controllers/cats_controller.rb:4:in `index'
Started GET "/cats" for ::1 at 2021-02-26 15:19:10 -0800
Processing by CatsController#index as HTML
Completed 500 Internal Server Error in 5ms (ActiveRecord: 0.0ms)


  
ActionView::MissingTemplate (Missing template cats/index, application/index with {:locale=>[:en], :formats=>[:html], :variants=>[], :handlers=>[:raw, :erb, :html, :builder, :ruby, :coffee, :jbuilder]}. Searched in:
  * "/Users/jason/Desktop/aA-Classworks/W6D5/ninety_nine_cats/app/views"
):
  
app/controllers/cats_controller.rb:4:in `index'
Started GET "/cats" for ::1 at 2021-02-26 15:19:48 -0800
Processing by CatsController#index as HTML
Completed 500 Internal Server Error in 6ms (ActiveRecord: 0.0ms)


  
ActionView::MissingTemplate (Missing template cats/index, application/index with {:locale=>[:en], :formats=>[:html], :variants=>[], :handlers=>[:raw, :erb, :html, :builder, :ruby, :coffee, :jbuilder]}. Searched in:
  * "/Users/jason/Desktop/aA-Classworks/W6D5/ninety_nine_cats/app/views"
):
  
app/controllers/cats_controller.rb:4:in `index'
Started GET "/cats" for ::1 at 2021-02-26 15:19:50 -0800
Processing by CatsController#index as HTML
Completed 500 Internal Server Error in 4ms (ActiveRecord: 0.0ms)


  
ActionView::MissingTemplate (Missing template cats/index, application/index with {:locale=>[:en], :formats=>[:html], :variants=>[], :handlers=>[:raw, :erb, :html, :builder, :ruby, :coffee, :jbuilder]}. Searched in:
  * "/Users/jason/Desktop/aA-Classworks/W6D5/ninety_nine_cats/app/views"
):
  
app/controllers/cats_controller.rb:4:in `index'
Started GET "/cats" for ::1 at 2021-02-26 15:20:41 -0800
Processing by CatsController#index as HTML
Completed 500 Internal Server Error in 4ms (ActiveRecord: 0.0ms)


  
ActionView::MissingTemplate (Missing template cats/index, application/index with {:locale=>[:en], :formats=>[:html], :variants=>[], :handlers=>[:raw, :erb, :html, :builder, :ruby, :coffee, :jbuilder]}. Searched in:
  * "/Users/jason/Desktop/aA-Classworks/W6D5/ninety_nine_cats/app/views"
):
  
app/controllers/cats_controller.rb:4:in `index'
Started GET "/cats" for ::1 at 2021-02-26 15:22:49 -0800
Processing by CatsController#index as HTML
Completed 500 Internal Server Error in 4ms (ActiveRecord: 0.0ms)


  
ActionView::MissingTemplate (Missing template cats/index, application/index with {:locale=>[:en], :formats=>[:html], :variants=>[], :handlers=>[:raw, :erb, :html, :builder, :ruby, :coffee, :jbuilder]}. Searched in:
  * "/Users/jason/Desktop/aA-Classworks/W6D5/ninety_nine_cats/app/views"
):
  
app/controllers/cats_controller.rb:4:in `index'
Started GET "/cats" for ::1 at 2021-02-26 15:22:52 -0800
Processing by CatsController#index as HTML
Completed 500 Internal Server Error in 5ms (ActiveRecord: 0.0ms)


  
ActionView::MissingTemplate (Missing template cats/index, application/index with {:locale=>[:en], :formats=>[:html], :variants=>[], :handlers=>[:raw, :erb, :html, :builder, :ruby, :coffee, :jbuilder]}. Searched in:
  * "/Users/jason/Desktop/aA-Classworks/W6D5/ninety_nine_cats/app/views"
):
  
app/controllers/cats_controller.rb:4:in `index'
Started GET "/cats" for ::1 at 2021-02-26 15:24:15 -0800
Processing by CatsController#index as HTML
  Rendering cats/index.html.erb within layouts/application
  [1m[36mCat Load (0.3ms)[0m  [1m[34mSELECT "cats".* FROM "cats"[0m
  ↳ app/views/cats/index.html.erb:4
  Rendered cats/index.html.erb within layouts/application (13.1ms)
Completed 200 OK in 555ms (Views: 549.4ms | ActiveRecord: 5.7ms)


Started GET "/cats" for ::1 at 2021-02-26 15:25:14 -0800
Processing by CatsController#index as HTML
  Rendering cats/index.html.erb within layouts/application
  [1m[36mCat Load (1.1ms)[0m  [1m[34mSELECT "cats".* FROM "cats"[0m
  ↳ app/views/cats/index.html.erb:4
  Rendered cats/index.html.erb within layouts/application (2.4ms)
Completed 200 OK in 21ms (Views: 19.4ms | ActiveRecord: 1.1ms)


Started GET "/cats" for ::1 at 2021-02-26 15:26:45 -0800
Processing by CatsController#index as HTML
  Rendering cats/index.html.erb within layouts/application
  Rendered cats/index.html.erb within layouts/application (2.9ms)
Completed 500 Internal Server Error in 10ms (ActiveRecord: 0.0ms)


  
ActionView::Template::Error (No route matches {:action=>"show", :controller=>"cats"}, missing required keys: [:id]):
    1: <h1>Here are all of our CATS!</h1>
    2: <a href="<%= cat_url %>">Here are the cat's attributes</a>
    3: <ul>
    4:     <% @cats.each do |cat| %>
    5:         <li><%= cat.name %></li>
  
app/views/cats/index.html.erb:2:in `_app_views_cats_index_html_erb__432619377187736234_70255335390380'
app/controllers/cats_controller.rb:4:in `index'
Started GET "/cats" for ::1 at 2021-02-26 15:26:46 -0800
Processing by CatsController#index as HTML
  Rendering cats/index.html.erb within layouts/application
  Rendered cats/index.html.erb within layouts/application (3.0ms)
Completed 500 Internal Server Error in 9ms (ActiveRecord: 0.0ms)


  
ActionView::Template::Error (No route matches {:action=>"show", :controller=>"cats"}, missing required keys: [:id]):
    1: <h1>Here are all of our CATS!</h1>
    2: <a href="<%= cat_url %>">Here are the cat's attributes</a>
    3: <ul>
    4:     <% @cats.each do |cat| %>
    5:         <li><%= cat.name %></li>
  
app/views/cats/index.html.erb:2:in `_app_views_cats_index_html_erb__432619377187736234_70255336240580'
app/controllers/cats_controller.rb:4:in `index'
Started GET "/cats" for ::1 at 2021-02-26 15:28:10 -0800
Processing by CatsController#index as HTML
  Rendering cats/index.html.erb within layouts/application
  Rendered cats/index.html.erb within layouts/application (3.2ms)
Completed 500 Internal Server Error in 10ms (ActiveRecord: 0.0ms)


  
ActionView::Template::Error (No route matches {:action=>"show", :controller=>"cats"}, missing required keys: [:id]):
    1: <h1>Here are all of our CATS!</h1>
    2: <a href="<%= cat_url %>">Rent Kitty</a>
    3: <ul>
    4:     <% @cats.each do |cat| %>
    5:         <li><%= cat.name %></li>
  
app/views/cats/index.html.erb:2:in `_app_views_cats_index_html_erb__432619377187736234_70255236265220'
app/controllers/cats_controller.rb:4:in `index'
Started GET "/cats" for ::1 at 2021-02-26 15:29:37 -0800
Processing by CatsController#index as HTML
  Rendering cats/index.html.erb within layouts/application
  Rendered cats/index.html.erb within layouts/application (2.9ms)
Completed 500 Internal Server Error in 11ms (ActiveRecord: 0.0ms)


  
ActionView::Template::Error (No route matches {:action=>"show", :controller=>"cats"}, missing required keys: [:id]):
    1: <h1>Here are all of our CATS!</h1>
    2: <a href="<%= cat_url %>">Rent Kitty</a>
    3: <ul>
    4:     <% @cats.each do |cat| %>
    5:         <li><%= cat.name %></li>
  
app/views/cats/index.html.erb:2:in `_app_views_cats_index_html_erb__432619377187736234_70255245389900'
app/controllers/cats_controller.rb:4:in `index'
Started GET "/cats" for ::1 at 2021-02-26 15:30:37 -0800
Processing by CatsController#index as HTML
  Rendering cats/index.html.erb within layouts/application
  [1m[36mCat Load (0.4ms)[0m  [1m[34mSELECT "cats".* FROM "cats"[0m
  ↳ app/views/cats/index.html.erb:4
  Rendered cats/index.html.erb within layouts/application (1.4ms)
Completed 200 OK in 27ms (Views: 25.9ms | ActiveRecord: 0.4ms)


Started GET "/Rent%20Kitty" for ::1 at 2021-02-26 15:30:38 -0800
  
ActionController::RoutingError (No route matches [GET] "/Rent%20Kitty"):
  
actionpack (5.2.4.5) lib/action_dispatch/middleware/debug_exceptions.rb:65:in `call'
web-console (3.7.0) lib/web_console/middleware.rb:135:in `call_app'
web-console (3.7.0) lib/web_console/middleware.rb:30:in `block in call'
web-console (3.7.0) lib/web_console/middleware.rb:20:in `catch'
web-console (3.7.0) lib/web_console/middleware.rb:20:in `call'
actionpack (5.2.4.5) lib/action_dispatch/middleware/show_exceptions.rb:33:in `call'
railties (5.2.4.5) lib/rails/rack/logger.rb:38:in `call_app'
railties (5.2.4.5) lib/rails/rack/logger.rb:26:in `block in call'
activesupport (5.2.4.5) lib/active_support/tagged_logging.rb:71:in `block in tagged'
activesupport (5.2.4.5) lib/active_support/tagged_logging.rb:28:in `tagged'
activesupport (5.2.4.5) lib/active_support/tagged_logging.rb:71:in `tagged'
railties (5.2.4.5) lib/rails/rack/logger.rb:26:in `call'
sprockets-rails (3.2.2) lib/sprockets/rails/quiet_assets.rb:13:in `call'
actionpack (5.2.4.5) lib/action_dispatch/middleware/remote_ip.rb:81:in `call'
actionpack (5.2.4.5) lib/action_dispatch/middleware/request_id.rb:27:in `call'
rack (2.2.3) lib/rack/method_override.rb:24:in `call'
rack (2.2.3) lib/rack/runtime.rb:22:in `call'
activesupport (5.2.4.5) lib/active_support/cache/strategy/local_cache_middleware.rb:29:in `call'
actionpack (5.2.4.5) lib/action_dispatch/middleware/executor.rb:14:in `call'
actionpack (5.2.4.5) lib/action_dispatch/middleware/static.rb:127:in `call'
rack (2.2.3) lib/rack/sendfile.rb:110:in `call'
railties (5.2.4.5) lib/rails/engine.rb:524:in `call'
puma (3.12.6) lib/puma/configuration.rb:227:in `call'
puma (3.12.6) lib/puma/server.rb:706:in `handle_request'
puma (3.12.6) lib/puma/server.rb:476:in `process_client'
puma (3.12.6) lib/puma/server.rb:334:in `block in run'
puma (3.12.6) lib/puma/thread_pool.rb:135:in `block in spawn_thread'
Started GET "/Rent%20Kitty" for ::1 at 2021-02-26 15:30:39 -0800
  
ActionController::RoutingError (No route matches [GET] "/Rent%20Kitty"):
  
actionpack (5.2.4.5) lib/action_dispatch/middleware/debug_exceptions.rb:65:in `call'
web-console (3.7.0) lib/web_console/middleware.rb:135:in `call_app'
web-console (3.7.0) lib/web_console/middleware.rb:30:in `block in call'
web-console (3.7.0) lib/web_console/middleware.rb:20:in `catch'
web-console (3.7.0) lib/web_console/middleware.rb:20:in `call'
actionpack (5.2.4.5) lib/action_dispatch/middleware/show_exceptions.rb:33:in `call'
railties (5.2.4.5) lib/rails/rack/logger.rb:38:in `call_app'
railties (5.2.4.5) lib/rails/rack/logger.rb:26:in `block in call'
activesupport (5.2.4.5) lib/active_support/tagged_logging.rb:71:in `block in tagged'
activesupport (5.2.4.5) lib/active_support/tagged_logging.rb:28:in `tagged'
activesupport (5.2.4.5) lib/active_support/tagged_logging.rb:71:in `tagged'
railties (5.2.4.5) lib/rails/rack/logger.rb:26:in `call'
sprockets-rails (3.2.2) lib/sprockets/rails/quiet_assets.rb:13:in `call'
actionpack (5.2.4.5) lib/action_dispatch/middleware/remote_ip.rb:81:in `call'
actionpack (5.2.4.5) lib/action_dispatch/middleware/request_id.rb:27:in `call'
rack (2.2.3) lib/rack/method_override.rb:24:in `call'
rack (2.2.3) lib/rack/runtime.rb:22:in `call'
activesupport (5.2.4.5) lib/active_support/cache/strategy/local_cache_middleware.rb:29:in `call'
actionpack (5.2.4.5) lib/action_dispatch/middleware/executor.rb:14:in `call'
actionpack (5.2.4.5) lib/action_dispatch/middleware/static.rb:127:in `call'
rack (2.2.3) lib/rack/sendfile.rb:110:in `call'
railties (5.2.4.5) lib/rails/engine.rb:524:in `call'
puma (3.12.6) lib/puma/configuration.rb:227:in `call'
puma (3.12.6) lib/puma/server.rb:706:in `handle_request'
puma (3.12.6) lib/puma/server.rb:476:in `process_client'
puma (3.12.6) lib/puma/server.rb:334:in `block in run'
puma (3.12.6) lib/puma/thread_pool.rb:135:in `block in spawn_thread'
Started GET "/cats" for ::1 at 2021-02-26 15:30:40 -0800
Processing by CatsController#index as HTML
  Rendering cats/index.html.erb within layouts/application
  [1m[36mCat Load (1.2ms)[0m  [1m[34mSELECT "cats".* FROM "cats"[0m
  ↳ app/views/cats/index.html.erb:4
  Rendered cats/index.html.erb within layouts/application (2.3ms)
Completed 200 OK in 23ms (Views: 21.4ms | ActiveRecord: 1.2ms)


Started GET "/cats" for ::1 at 2021-02-26 16:15:40 -0800
Processing by CatsController#index as HTML
  Rendering cats/index.html.erb within layouts/application
  [1m[36mCat Load (1.1ms)[0m  [1m[34mSELECT "cats".* FROM "cats"[0m
  ↳ app/views/cats/index.html.erb:4
  Rendered cats/index.html.erb within layouts/application (18.1ms)
Completed 200 OK in 46ms (Views: 33.0ms | ActiveRecord: 10.7ms)


Started GET "/cats" for ::1 at 2021-02-26 16:15:41 -0800
Processing by CatsController#index as HTML
  Rendering cats/index.html.erb within layouts/application
  [1m[36mCat Load (0.3ms)[0m  [1m[34mSELECT "cats".* FROM "cats"[0m
  ↳ app/views/cats/index.html.erb:4
  Rendered cats/index.html.erb within layouts/application (1.2ms)
Completed 200 OK in 21ms (Views: 20.3ms | ActiveRecord: 0.3ms)


Started GET "/Rent%20Kitty" for ::1 at 2021-02-26 16:15:41 -0800
  
ActionController::RoutingError (No route matches [GET] "/Rent%20Kitty"):
  
actionpack (5.2.4.5) lib/action_dispatch/middleware/debug_exceptions.rb:65:in `call'
web-console (3.7.0) lib/web_console/middleware.rb:135:in `call_app'
web-console (3.7.0) lib/web_console/middleware.rb:30:in `block in call'
web-console (3.7.0) lib/web_console/middleware.rb:20:in `catch'
web-console (3.7.0) lib/web_console/middleware.rb:20:in `call'
actionpack (5.2.4.5) lib/action_dispatch/middleware/show_exceptions.rb:33:in `call'
railties (5.2.4.5) lib/rails/rack/logger.rb:38:in `call_app'
railties (5.2.4.5) lib/rails/rack/logger.rb:26:in `block in call'
activesupport (5.2.4.5) lib/active_support/tagged_logging.rb:71:in `block in tagged'
activesupport (5.2.4.5) lib/active_support/tagged_logging.rb:28:in `tagged'
activesupport (5.2.4.5) lib/active_support/tagged_logging.rb:71:in `tagged'
railties (5.2.4.5) lib/rails/rack/logger.rb:26:in `call'
sprockets-rails (3.2.2) lib/sprockets/rails/quiet_assets.rb:13:in `call'
actionpack (5.2.4.5) lib/action_dispatch/middleware/remote_ip.rb:81:in `call'
actionpack (5.2.4.5) lib/action_dispatch/middleware/request_id.rb:27:in `call'
rack (2.2.3) lib/rack/method_override.rb:24:in `call'
rack (2.2.3) lib/rack/runtime.rb:22:in `call'
activesupport (5.2.4.5) lib/active_support/cache/strategy/local_cache_middleware.rb:29:in `call'
actionpack (5.2.4.5) lib/action_dispatch/middleware/executor.rb:14:in `call'
actionpack (5.2.4.5) lib/action_dispatch/middleware/static.rb:127:in `call'
rack (2.2.3) lib/rack/sendfile.rb:110:in `call'
railties (5.2.4.5) lib/rails/engine.rb:524:in `call'
puma (3.12.6) lib/puma/configuration.rb:227:in `call'
puma (3.12.6) lib/puma/server.rb:706:in `handle_request'
puma (3.12.6) lib/puma/server.rb:476:in `process_client'
puma (3.12.6) lib/puma/server.rb:334:in `block in run'
puma (3.12.6) lib/puma/thread_pool.rb:135:in `block in spawn_thread'
Started GET "/cats" for ::1 at 2021-02-26 16:15:53 -0800
Processing by CatsController#index as HTML
  Rendering cats/index.html.erb within layouts/application
  [1m[36mCat Load (0.3ms)[0m  [1m[34mSELECT "cats".* FROM "cats"[0m
  ↳ app/views/cats/index.html.erb:4
  Rendered cats/index.html.erb within layouts/application (1.2ms)
Completed 200 OK in 28ms (Views: 27.0ms | ActiveRecord: 0.3ms)


Started GET "/cats" for ::1 at 2021-02-26 16:19:39 -0800
Processing by CatsController#index as HTML
  Rendering cats/index.html.erb within layouts/application
  [1m[36mCat Load (0.3ms)[0m  [1m[34mSELECT "cats".* FROM "cats"[0m
  ↳ app/views/cats/index.html.erb:4
  Rendered cats/index.html.erb within layouts/application (12.3ms)
Completed 200 OK in 39ms (Views: 31.1ms | ActiveRecord: 4.9ms)


Started GET "/cats" for ::1 at 2021-02-26 16:19:40 -0800
Processing by CatsController#index as HTML
  Rendering cats/index.html.erb within layouts/application
  [1m[36mCat Load (0.3ms)[0m  [1m[34mSELECT "cats".* FROM "cats"[0m
  ↳ app/views/cats/index.html.erb:4
  Rendered cats/index.html.erb within layouts/application (1.2ms)
Completed 200 OK in 19ms (Views: 18.5ms | ActiveRecord: 0.3ms)


Started GET "/cats/1" for ::1 at 2021-02-26 16:19:43 -0800
Processing by CatsController#show as HTML
  Parameters: {"id"=>"1"}
  [1m[36mCat Load (0.3ms)[0m  [1m[34mSELECT  "cats".* FROM "cats" WHERE "cats"."id" = $1 LIMIT $2[0m  [["id", 1], ["LIMIT", 1]]
  ↳ app/controllers/cats_controller.rb:8
  Rendering cats/show.html.erb within layouts/application
  Rendered cats/show.html.erb within layouts/application (9.6ms)
Completed 500 Internal Server Error in 20ms (ActiveRecord: 0.5ms)


  
ActionView::Template::Error (private method `attribute' called for #<Cat:0x00007fcb309d7418>
Did you mean?  attributes
               attributes=):
    11:         <%= [:age, :birth_date, :color, :sex].each do |attribute| %>
    12:         <tr>
    13:             <td><%= attribute %></td>
    14:             <td><%= @cat.attribute %></td>
    15:         </tr>
    16:         <% end %>
    17:     </tbody>
  
app/views/cats/show.html.erb:14:in `block in _app_views_cats_show_html_erb__3132995183035585488_70255335353820'
app/views/cats/show.html.erb:11:in `each'
app/views/cats/show.html.erb:11:in `_app_views_cats_show_html_erb__3132995183035585488_70255335353820'
app/controllers/cats_controller.rb:9:in `show'
Started GET "/cats/1" for ::1 at 2021-02-26 16:24:17 -0800
Processing by CatsController#show as HTML
  Parameters: {"id"=>"1"}
  [1m[36mCat Load (0.3ms)[0m  [1m[34mSELECT  "cats".* FROM "cats" WHERE "cats"."id" = $1 LIMIT $2[0m  [["id", 1], ["LIMIT", 1]]
  ↳ app/controllers/cats_controller.rb:8
  Rendering cats/show.html.erb within layouts/application
  Rendered cats/show.html.erb within layouts/application (4.4ms)
Completed 200 OK in 23ms (Views: 22.2ms | ActiveRecord: 0.3ms)


Started GET "/cats/1" for ::1 at 2021-02-26 16:26:06 -0800
Processing by CatsController#show as HTML
  Parameters: {"id"=>"1"}
  [1m[36mCat Load (0.3ms)[0m  [1m[34mSELECT  "cats".* FROM "cats" WHERE "cats"."id" = $1 LIMIT $2[0m  [["id", 1], ["LIMIT", 1]]
  ↳ app/controllers/cats_controller.rb:8
  Rendering cats/show.html.erb within layouts/application
  Rendered cats/show.html.erb within layouts/application (1.1ms)
Completed 200 OK in 27ms (Views: 25.9ms | ActiveRecord: 0.3ms)


Started GET "/cats/1" for ::1 at 2021-02-26 16:27:25 -0800
Processing by CatsController#show as HTML
  Parameters: {"id"=>"1"}
  [1m[36mCat Load (0.3ms)[0m  [1m[34mSELECT  "cats".* FROM "cats" WHERE "cats"."id" = $1 LIMIT $2[0m  [["id", 1], ["LIMIT", 1]]
  ↳ app/controllers/cats_controller.rb:8
  Rendering cats/show.html.erb within layouts/application
  Rendered cats/show.html.erb within layouts/application (0.6ms)
Completed 200 OK in 21ms (Views: 19.7ms | ActiveRecord: 0.3ms)


Started GET "/cats/" for ::1 at 2021-02-26 16:27:53 -0800
Processing by CatsController#index as HTML
  Rendering cats/index.html.erb within layouts/application
  [1m[36mCat Load (0.3ms)[0m  [1m[34mSELECT "cats".* FROM "cats"[0m
  ↳ app/views/cats/index.html.erb:4
  Rendered cats/index.html.erb within layouts/application (1.2ms)
Completed 200 OK in 21ms (Views: 20.1ms | ActiveRecord: 0.3ms)


Started GET "/cats/Rent%20Kitty" for ::1 at 2021-02-26 16:27:55 -0800
Processing by CatsController#show as HTML
  Parameters: {"id"=>"Rent Kitty"}
  [1m[36mCat Load (0.5ms)[0m  [1m[34mSELECT  "cats".* FROM "cats" WHERE "cats"."id" = $1 LIMIT $2[0m  [["id", 0], ["LIMIT", 1]]
  ↳ app/controllers/cats_controller.rb:8
  Rendering cats/show.html.erb within layouts/application
  Rendered cats/show.html.erb within layouts/application (3.8ms)
Completed 500 Internal Server Error in 13ms (ActiveRecord: 0.5ms)


  
ActionView::Template::Error (undefined method `name' for nil:NilClass):
    1: <h1><%= @cat.name %></h1>
    2: 
    3: <table>
    4:     <thead>
  
app/views/cats/show.html.erb:1:in `_app_views_cats_show_html_erb__3132995183035585488_70255261824860'
app/controllers/cats_controller.rb:9:in `show'
Started GET "/cats/" for ::1 at 2021-02-26 16:27:57 -0800
Processing by CatsController#index as HTML
  Rendering cats/index.html.erb within layouts/application
  [1m[36mCat Load (0.3ms)[0m  [1m[34mSELECT "cats".* FROM "cats"[0m
  ↳ app/views/cats/index.html.erb:4
  Rendered cats/index.html.erb within layouts/application (1.3ms)
Completed 200 OK in 22ms (Views: 21.1ms | ActiveRecord: 0.3ms)


Started GET "/cats/" for ::1 at 2021-02-26 16:29:21 -0800
Processing by CatsController#index as HTML
  Rendering cats/index.html.erb within layouts/application
  [1m[36mCat Load (0.3ms)[0m  [1m[34mSELECT "cats".* FROM "cats"[0m
  ↳ app/views/cats/index.html.erb:4
  Rendered cats/index.html.erb within layouts/application (1.3ms)
Completed 200 OK in 19ms (Views: 18.7ms | ActiveRecord: 0.3ms)


Started GET "/cats/" for ::1 at 2021-02-26 16:29:21 -0800
Processing by CatsController#index as HTML
  Rendering cats/index.html.erb within layouts/application
  [1m[36mCat Load (0.3ms)[0m  [1m[34mSELECT "cats".* FROM "cats"[0m
  ↳ app/views/cats/index.html.erb:4
  Rendered cats/index.html.erb within layouts/application (1.3ms)
Completed 200 OK in 20ms (Views: 19.3ms | ActiveRecord: 0.3ms)


Started GET "/cats/" for ::1 at 2021-02-26 16:29:25 -0800
Processing by CatsController#index as HTML
  Rendering cats/index.html.erb within layouts/application
  [1m[36mCat Load (0.3ms)[0m  [1m[34mSELECT "cats".* FROM "cats"[0m
  ↳ app/views/cats/index.html.erb:4
  Rendered cats/index.html.erb within layouts/application (1.2ms)
Completed 200 OK in 21ms (Views: 19.8ms | ActiveRecord: 0.3ms)


  [1m[35m (0.8ms)[0m  [1m[34mSELECT "schema_migrations"."version" FROM "schema_migrations" ORDER BY "schema_migrations"."version" ASC[0m
  ↳ bin/rails:9
  [1m[35m (0.1ms)[0m  [1m[35mBEGIN[0m
  ↳ db/seeds.rb:12
  [1m[36mCat Create (0.8ms)[0m  [1m[32mINSERT INTO "cats" ("birth_date", "color", "name", "sex", "created_at", "updated_at") VALUES ($1, $2, $3, $4, $5, $6) RETURNING "id"[0m  [["birth_date", "2000-01-01"], ["color", "black"], ["name", "Kitty"], ["sex", "F"], ["created_at", "2021-02-27 00:29:32.047815"], ["updated_at", "2021-02-27 00:29:32.047815"]]
  ↳ db/seeds.rb:12
  [1m[35m (1.1ms)[0m  [1m[35mCOMMIT[0m
  ↳ db/seeds.rb:12
  [1m[35m (0.2ms)[0m  [1m[35mBEGIN[0m
  ↳ db/seeds.rb:14
  [1m[36mCat Create (0.4ms)[0m  [1m[32mINSERT INTO "cats" ("birth_date", "color", "name", "sex", "created_at", "updated_at") VALUES ($1, $2, $3, $4, $5, $6) RETURNING "id"[0m  [["birth_date", "2001-02-03"], ["color", "grey"], ["name", "Meow"], ["sex", "M"], ["created_at", "2021-02-27 00:29:32.051634"], ["updated_at", "2021-02-27 00:29:32.051634"]]
  ↳ db/seeds.rb:14
  [1m[35m (0.3ms)[0m  [1m[35mCOMMIT[0m
  ↳ db/seeds.rb:14
Started GET "/cats/" for ::1 at 2021-02-26 16:29:34 -0800
Processing by CatsController#index as HTML
  Rendering cats/index.html.erb within layouts/application
  [1m[36mCat Load (0.4ms)[0m  [1m[34mSELECT "cats".* FROM "cats"[0m
  ↳ app/views/cats/index.html.erb:4
  Rendered cats/index.html.erb within layouts/application (1.4ms)
Completed 200 OK in 21ms (Views: 20.2ms | ActiveRecord: 0.4ms)


Started GET "/cats/" for ::1 at 2021-02-26 16:30:31 -0800
Processing by CatsController#index as HTML
  Rendering cats/index.html.erb within layouts/application
  [1m[36mCat Load (0.3ms)[0m  [1m[34mSELECT "cats".* FROM "cats"[0m
  ↳ app/views/cats/index.html.erb:4
  Rendered cats/index.html.erb within layouts/application (1.1ms)
Completed 200 OK in 19ms (Views: 18.8ms | ActiveRecord: 0.3ms)


  [1m[35m (0.7ms)[0m  [1m[34mSELECT "schema_migrations"."version" FROM "schema_migrations" ORDER BY "schema_migrations"."version" ASC[0m
  ↳ bin/rails:9
  [1m[36mCat Load (0.7ms)[0m  [1m[34mSELECT "cats".* FROM "cats"[0m
  ↳ db/seeds.rb:10
  [1m[35m (0.2ms)[0m  [1m[35mBEGIN[0m
  ↳ db/seeds.rb:10
  [1m[36mCat Destroy (0.5ms)[0m  [1m[31mDELETE FROM "cats" WHERE "cats"."id" = $1[0m  [["id", 1]]
  ↳ db/seeds.rb:10
  [1m[35m (0.5ms)[0m  [1m[35mCOMMIT[0m
  ↳ db/seeds.rb:10
  [1m[35m (0.1ms)[0m  [1m[35mBEGIN[0m
  ↳ db/seeds.rb:10
  [1m[36mCat Destroy (0.2ms)[0m  [1m[31mDELETE FROM "cats" WHERE "cats"."id" = $1[0m  [["id", 2]]
  ↳ db/seeds.rb:10
  [1m[35m (0.2ms)[0m  [1m[35mCOMMIT[0m
  ↳ db/seeds.rb:10
  [1m[35m (0.1ms)[0m  [1m[35mBEGIN[0m
  ↳ db/seeds.rb:10
  [1m[36mCat Destroy (0.2ms)[0m  [1m[31mDELETE FROM "cats" WHERE "cats"."id" = $1[0m  [["id", 3]]
  ↳ db/seeds.rb:10
  [1m[35m (0.3ms)[0m  [1m[35mCOMMIT[0m
  ↳ db/seeds.rb:10
  [1m[35m (0.1ms)[0m  [1m[35mBEGIN[0m
  ↳ db/seeds.rb:12
  [1m[36mCat Create (0.5ms)[0m  [1m[32mINSERT INTO "cats" ("birth_date", "color", "name", "sex", "created_at", "updated_at") VALUES ($1, $2, $3, $4, $5, $6) RETURNING "id"[0m  [["birth_date", "2000-01-01"], ["color", "black"], ["name", "Kitty"], ["sex", "F"], ["created_at", "2021-02-27 00:30:35.222976"], ["updated_at", "2021-02-27 00:30:35.222976"]]
  ↳ db/seeds.rb:12
  [1m[35m (0.3ms)[0m  [1m[35mCOMMIT[0m
  ↳ db/seeds.rb:12
  [1m[35m (0.1ms)[0m  [1m[35mBEGIN[0m
  ↳ db/seeds.rb:13
  [1m[36mCat Create (0.3ms)[0m  [1m[32mINSERT INTO "cats" ("birth_date", "color", "name", "sex", "created_at", "updated_at") VALUES ($1, $2, $3, $4, $5, $6) RETURNING "id"[0m  [["birth_date", "2001-02-03"], ["color", "grey"], ["name", "Meow"], ["sex", "M"], ["created_at", "2021-02-27 00:30:35.225178"], ["updated_at", "2021-02-27 00:30:35.225178"]]
  ↳ db/seeds.rb:13
  [1m[35m (0.3ms)[0m  [1m[35mCOMMIT[0m
  ↳ db/seeds.rb:13
Started GET "/cats/" for ::1 at 2021-02-26 16:30:37 -0800
Processing by CatsController#index as HTML
  Rendering cats/index.html.erb within layouts/application
  [1m[36mCat Load (0.3ms)[0m  [1m[34mSELECT "cats".* FROM "cats"[0m
  ↳ app/views/cats/index.html.erb:4
  Rendered cats/index.html.erb within layouts/application (1.3ms)
Completed 200 OK in 21ms (Views: 20.4ms | ActiveRecord: 0.3ms)


Started GET "/cats/Rent%20Kitty" for ::1 at 2021-02-26 16:30:39 -0800
Processing by CatsController#show as HTML
  Parameters: {"id"=>"Rent Kitty"}
  [1m[36mCat Load (0.5ms)[0m  [1m[34mSELECT  "cats".* FROM "cats" WHERE "cats"."id" = $1 LIMIT $2[0m  [["id", 0], ["LIMIT", 1]]
  ↳ app/controllers/cats_controller.rb:8
  Rendering cats/show.html.erb within layouts/application
  Rendered cats/show.html.erb within layouts/application (3.8ms)
Completed 500 Internal Server Error in 13ms (ActiveRecord: 0.5ms)


  
ActionView::Template::Error (undefined method `name' for nil:NilClass):
    1: <h1><%= @cat.name %></h1>
    2: 
    3: <table>
    4:     <thead>
  
app/views/cats/show.html.erb:1:in `_app_views_cats_show_html_erb__3132995183035585488_70255261202240'
app/controllers/cats_controller.rb:9:in `show'
Started GET "/cats/" for ::1 at 2021-02-26 16:30:41 -0800
Processing by CatsController#index as HTML
  Rendering cats/index.html.erb within layouts/application
  [1m[36mCat Load (0.3ms)[0m  [1m[34mSELECT "cats".* FROM "cats"[0m
  ↳ app/views/cats/index.html.erb:4
  Rendered cats/index.html.erb within layouts/application (1.3ms)
Completed 200 OK in 21ms (Views: 20.2ms | ActiveRecord: 0.3ms)


Started GET "/cats/" for ::1 at 2021-02-26 16:32:36 -0800
Processing by CatsController#index as HTML
  Rendering cats/index.html.erb within layouts/application
  Rendered cats/index.html.erb within layouts/application (2.8ms)
Completed 500 Internal Server Error in 9ms (ActiveRecord: 0.0ms)


  
ActionView::Template::Error (No route matches {:action=>"show", :controller=>"cats"}, missing required keys: [:id]):
    1: <h1>Here are all of our CATS!</h1>
    2: <a href="<%= cat_url %>">Rent Kitty</a>
    3: <ul>
    4:     <% @cats.each do |cat| %>
    5:         <li><%= cat.name %></li>
  
app/views/cats/index.html.erb:2:in `_app_views_cats_index_html_erb__432619377187736234_70255250691760'
app/controllers/cats_controller.rb:4:in `index'
Started GET "/cats/" for ::1 at 2021-02-26 16:35:15 -0800
Processing by CatsController#index as HTML
  Rendering cats/index.html.erb within layouts/application
  [1m[36mCat Load (0.3ms)[0m  [1m[34mSELECT "cats".* FROM "cats"[0m
  ↳ app/views/cats/index.html.erb:4
  Rendered cats/index.html.erb within layouts/application (1.2ms)
Completed 200 OK in 21ms (Views: 20.5ms | ActiveRecord: 0.3ms)


Started GET "/cats/1" for ::1 at 2021-02-26 16:35:26 -0800
Processing by CatsController#show as HTML
  Parameters: {"id"=>"1"}
  [1m[36mCat Load (0.2ms)[0m  [1m[34mSELECT  "cats".* FROM "cats" WHERE "cats"."id" = $1 LIMIT $2[0m  [["id", 1], ["LIMIT", 1]]
  ↳ app/controllers/cats_controller.rb:8
  Rendering cats/show.html.erb within layouts/application
  Rendered cats/show.html.erb within layouts/application (3.2ms)
Completed 500 Internal Server Error in 10ms (ActiveRecord: 0.2ms)


  
ActionView::Template::Error (undefined method `name' for nil:NilClass):
    1: <h1><%= @cat.name %></h1>
    2: 
    3: 
    4: <table>
  
app/views/cats/show.html.erb:1:in `_app_views_cats_show_html_erb__3132995183035585488_70255236911800'
app/controllers/cats_controller.rb:9:in `show'
Started GET "/cats/2" for ::1 at 2021-02-26 16:35:33 -0800
Processing by CatsController#show as HTML
  Parameters: {"id"=>"2"}
  [1m[36mCat Load (0.2ms)[0m  [1m[34mSELECT  "cats".* FROM "cats" WHERE "cats"."id" = $1 LIMIT $2[0m  [["id", 2], ["LIMIT", 1]]
  ↳ app/controllers/cats_controller.rb:8
  Rendering cats/show.html.erb within layouts/application
  Rendered cats/show.html.erb within layouts/application (3.3ms)
Completed 500 Internal Server Error in 11ms (ActiveRecord: 0.2ms)


  
ActionView::Template::Error (undefined method `name' for nil:NilClass):
    1: <h1><%= @cat.name %></h1>
    2: 
    3: 
    4: <table>
  
app/views/cats/show.html.erb:1:in `_app_views_cats_show_html_erb__3132995183035585488_70255248104140'
app/controllers/cats_controller.rb:9:in `show'
Started GET "/cats/1" for ::1 at 2021-02-26 16:35:54 -0800
Processing by CatsController#show as HTML
  Parameters: {"id"=>"1"}
  [1m[36mCat Load (0.2ms)[0m  [1m[34mSELECT  "cats".* FROM "cats" WHERE "cats"."id" = $1 LIMIT $2[0m  [["id", 1], ["LIMIT", 1]]
  ↳ app/controllers/cats_controller.rb:8
  Rendering cats/show.html.erb within layouts/application
  Rendered cats/show.html.erb within layouts/application (3.9ms)
Completed 500 Internal Server Error in 12ms (ActiveRecord: 0.2ms)


  
ActionView::Template::Error (undefined method `name' for nil:NilClass):
    1: <h1><%= @cat.name %></h1>
    2: 
    3: <table>
    4:     <thead>
  
app/views/cats/show.html.erb:1:in `_app_views_cats_show_html_erb__3132995183035585488_70255245340480'
app/controllers/cats_controller.rb:9:in `show'
Started GET "/cats/1" for ::1 at 2021-02-26 16:36:47 -0800
Processing by CatsController#show as HTML
  Parameters: {"id"=>"1"}
  [1m[36mCat Load (0.2ms)[0m  [1m[34mSELECT  "cats".* FROM "cats" WHERE "cats"."id" = $1 LIMIT $2[0m  [["id", 1], ["LIMIT", 1]]
  ↳ app/controllers/cats_controller.rb:8
  Rendering cats/show.html.erb within layouts/application
  Rendered cats/show.html.erb within layouts/application (3.5ms)
Completed 500 Internal Server Error in 11ms (ActiveRecord: 0.2ms)


  
ActionView::Template::Error (undefined method `name' for nil:NilClass):
    1: <h1><%= @cat.name %></h1>
    2: 
    3: <table>
    4:     <thead>
  
app/views/cats/show.html.erb:1:in `_app_views_cats_show_html_erb__3132995183035585488_70255237453220'
app/controllers/cats_controller.rb:9:in `show'
Started GET "/cats/1" for ::1 at 2021-02-26 16:36:56 -0800
Processing by CatsController#show as HTML
  Parameters: {"id"=>"1"}
  [1m[36mCat Load (0.2ms)[0m  [1m[34mSELECT  "cats".* FROM "cats" WHERE "cats"."id" = $1 LIMIT $2[0m  [["id", 1], ["LIMIT", 1]]
  ↳ app/controllers/cats_controller.rb:8
  Rendering cats/show.html.erb within layouts/application
  Rendered cats/show.html.erb within layouts/application (3.5ms)
Completed 500 Internal Server Error in 11ms (ActiveRecord: 0.2ms)


  
ActionView::Template::Error (undefined method `name' for nil:NilClass):
    1: <h1><%= @cat.name %></h1>
    2: 
    3: <table>
    4:     <thead>
  
app/views/cats/show.html.erb:1:in `_app_views_cats_show_html_erb__3132995183035585488_70255244942800'
app/controllers/cats_controller.rb:9:in `show'
Started GET "/cats/" for ::1 at 2021-02-26 16:37:00 -0800
Processing by CatsController#index as HTML
  Rendering cats/index.html.erb within layouts/application
  [1m[36mCat Load (0.4ms)[0m  [1m[34mSELECT "cats".* FROM "cats"[0m
  ↳ app/views/cats/index.html.erb:4
  Rendered cats/index.html.erb within layouts/application (1.3ms)
Completed 200 OK in 24ms (Views: 23.2ms | ActiveRecord: 0.4ms)


Started GET "/cats/Rent%20Kitty" for ::1 at 2021-02-26 16:37:04 -0800
Processing by CatsController#show as HTML
  Parameters: {"id"=>"Rent Kitty"}
  [1m[36mCat Load (0.2ms)[0m  [1m[34mSELECT  "cats".* FROM "cats" WHERE "cats"."id" = $1 LIMIT $2[0m  [["id", 0], ["LIMIT", 1]]
  ↳ app/controllers/cats_controller.rb:8
  Rendering cats/show.html.erb within layouts/application
  Rendered cats/show.html.erb within layouts/application (4.5ms)
Completed 500 Internal Server Error in 13ms (ActiveRecord: 0.2ms)


  
ActionView::Template::Error (undefined method `name' for nil:NilClass):
    1: <h1><%= @cat.name %></h1>
    2: 
    3: <table>
    4:     <thead>
  
app/views/cats/show.html.erb:1:in `_app_views_cats_show_html_erb__3132995183035585488_70255236764720'
app/controllers/cats_controller.rb:9:in `show'
Started GET "/cats/" for ::1 at 2021-02-26 16:37:05 -0800
Processing by CatsController#index as HTML
  Rendering cats/index.html.erb within layouts/application
  [1m[36mCat Load (0.3ms)[0m  [1m[34mSELECT "cats".* FROM "cats"[0m
  ↳ app/views/cats/index.html.erb:4
  Rendered cats/index.html.erb within layouts/application (1.2ms)
Completed 200 OK in 24ms (Views: 18.8ms | ActiveRecord: 0.3ms)


Started GET "/cats/1" for ::1 at 2021-02-26 16:37:12 -0800
Processing by CatsController#show as HTML
  Parameters: {"id"=>"1"}
  [1m[36mCat Load (0.2ms)[0m  [1m[34mSELECT  "cats".* FROM "cats" WHERE "cats"."id" = $1 LIMIT $2[0m  [["id", 1], ["LIMIT", 1]]
  ↳ app/controllers/cats_controller.rb:8
  Rendering cats/show.html.erb within layouts/application
  Rendered cats/show.html.erb within layouts/application (3.3ms)
Completed 500 Internal Server Error in 12ms (ActiveRecord: 0.2ms)


  
ActionView::Template::Error (undefined method `name' for nil:NilClass):
    1: <h1><%= @cat.name %></h1>
    2: 
    3: <table>
    4:     <thead>
  
app/views/cats/show.html.erb:1:in `_app_views_cats_show_html_erb__3132995183035585488_70255262655420'
app/controllers/cats_controller.rb:9:in `show'
  [1m[36mCat Load (1.0ms)[0m  [1m[34mSELECT "cats".* FROM "cats"[0m
Started GET "/cats/4" for ::1 at 2021-02-26 16:37:57 -0800
Processing by CatsController#show as HTML
  Parameters: {"id"=>"4"}
  [1m[36mCat Load (0.2ms)[0m  [1m[34mSELECT  "cats".* FROM "cats" WHERE "cats"."id" = $1 LIMIT $2[0m  [["id", 4], ["LIMIT", 1]]
  ↳ app/controllers/cats_controller.rb:8
  Rendering cats/show.html.erb within layouts/application
  Rendered cats/show.html.erb within layouts/application (0.6ms)
Completed 200 OK in 20ms (Views: 19.0ms | ActiveRecord: 0.2ms)


Started GET "/cats/4" for ::1 at 2021-02-26 16:38:00 -0800
Processing by CatsController#show as HTML
  Parameters: {"id"=>"4"}
  [1m[36mCat Load (0.2ms)[0m  [1m[34mSELECT  "cats".* FROM "cats" WHERE "cats"."id" = $1 LIMIT $2[0m  [["id", 4], ["LIMIT", 1]]
  ↳ app/controllers/cats_controller.rb:8
  Rendering cats/show.html.erb within layouts/application
  Rendered cats/show.html.erb within layouts/application (0.6ms)
Completed 200 OK in 22ms (Views: 20.4ms | ActiveRecord: 0.2ms)


Started GET "/cats/5" for ::1 at 2021-02-26 16:38:03 -0800
Processing by CatsController#show as HTML
  Parameters: {"id"=>"5"}
  [1m[36mCat Load (0.4ms)[0m  [1m[34mSELECT  "cats".* FROM "cats" WHERE "cats"."id" = $1 LIMIT $2[0m  [["id", 5], ["LIMIT", 1]]
  ↳ app/controllers/cats_controller.rb:8
  Rendering cats/show.html.erb within layouts/application
  Rendered cats/show.html.erb within layouts/application (0.6ms)
Completed 200 OK in 23ms (Views: 21.7ms | ActiveRecord: 0.4ms)


Started GET "/cats/4" for ::1 at 2021-02-26 16:38:07 -0800
Processing by CatsController#show as HTML
  Parameters: {"id"=>"4"}
  [1m[36mCat Load (0.2ms)[0m  [1m[34mSELECT  "cats".* FROM "cats" WHERE "cats"."id" = $1 LIMIT $2[0m  [["id", 4], ["LIMIT", 1]]
  ↳ app/controllers/cats_controller.rb:8
  Rendering cats/show.html.erb within layouts/application
  Rendered cats/show.html.erb within layouts/application (0.6ms)
Completed 200 OK in 25ms (Views: 18.2ms | ActiveRecord: 0.2ms)


Started GET "/cats/4" for ::1 at 2021-02-26 16:41:40 -0800
Processing by CatsController#show as HTML
  Parameters: {"id"=>"4"}
  [1m[36mCat Load (0.2ms)[0m  [1m[34mSELECT  "cats".* FROM "cats" WHERE "cats"."id" = $1 LIMIT $2[0m  [["id", 4], ["LIMIT", 1]]
  ↳ app/controllers/cats_controller.rb:8
  Rendering cats/show.html.erb within layouts/application
  Rendered cats/show.html.erb within layouts/application (0.6ms)
Completed 200 OK in 25ms (Views: 24.0ms | ActiveRecord: 0.2ms)


Started GET "/cats/4" for ::1 at 2021-02-26 16:41:41 -0800
Processing by CatsController#show as HTML
  Parameters: {"id"=>"4"}
  [1m[36mCat Load (0.2ms)[0m  [1m[34mSELECT  "cats".* FROM "cats" WHERE "cats"."id" = $1 LIMIT $2[0m  [["id", 4], ["LIMIT", 1]]
  ↳ app/controllers/cats_controller.rb:8
  Rendering cats/show.html.erb within layouts/application
  Rendered cats/show.html.erb within layouts/application (0.6ms)
Completed 200 OK in 20ms (Views: 18.3ms | ActiveRecord: 0.2ms)


Started GET "/cats/" for ::1 at 2021-02-26 16:41:44 -0800
Processing by CatsController#index as HTML
  Rendering cats/index.html.erb within layouts/application
  [1m[36mCat Load (0.3ms)[0m  [1m[34mSELECT "cats".* FROM "cats"[0m
  ↳ app/views/cats/index.html.erb:5
  Rendered cats/index.html.erb within layouts/application (1.3ms)
Completed 200 OK in 21ms (Views: 20.1ms | ActiveRecord: 0.3ms)


Started GET "/cats/" for ::1 at 2021-02-26 16:42:27 -0800
Processing by CatsController#index as HTML
  Rendering cats/index.html.erb within layouts/application
  [1m[36mCat Load (0.4ms)[0m  [1m[34mSELECT "cats".* FROM "cats"[0m
  ↳ app/views/cats/index.html.erb:5
  Rendered cats/index.html.erb within layouts/application (1.5ms)
Completed 200 OK in 22ms (Views: 20.8ms | ActiveRecord: 0.4ms)


Started GET "/cats/4" for ::1 at 2021-02-26 16:42:29 -0800
Processing by CatsController#show as HTML
  Parameters: {"id"=>"4"}
  [1m[36mCat Load (0.2ms)[0m  [1m[34mSELECT  "cats".* FROM "cats" WHERE "cats"."id" = $1 LIMIT $2[0m  [["id", 4], ["LIMIT", 1]]
  ↳ app/controllers/cats_controller.rb:8
  Rendering cats/show.html.erb within layouts/application
  Rendered cats/show.html.erb within layouts/application (0.6ms)
Completed 200 OK in 28ms (Views: 26.9ms | ActiveRecord: 0.2ms)


Started GET "/cats/5" for ::1 at 2021-02-26 16:42:32 -0800
Processing by CatsController#show as HTML
  Parameters: {"id"=>"5"}
  [1m[36mCat Load (0.3ms)[0m  [1m[34mSELECT  "cats".* FROM "cats" WHERE "cats"."id" = $1 LIMIT $2[0m  [["id", 5], ["LIMIT", 1]]
  ↳ app/controllers/cats_controller.rb:8
  Rendering cats/show.html.erb within layouts/application
  Rendered cats/show.html.erb within layouts/application (0.6ms)
Completed 200 OK in 25ms (Views: 23.3ms | ActiveRecord: 0.3ms)


